2019-11-16 01:44:03,633 [INFO] Activator:176 - 


2019-11-16 01:44:03,635 [INFO] Activator:177 - !SESSION log4j initialized
2019-11-16 01:45:14,533 [INFO] ApplicationProperties:181 - Using Application install path: C:\ST\STM32CubeIDE_1.0.1\STM32CubeIDE\plugins\com.st.stm32cube.common.mx_5.3.0.201907110903
2019-11-16 01:45:14,546 [INFO] DbMcusXml:68 - Set database path to: C:\ST\STM32CubeIDE_1.0.1\STM32CubeIDE\plugins\com.st.stm32cube.common.mx_5.3.0.201907110903\\db\/mcu/
2019-11-16 01:45:14,549 [INFO] DbBoardsPdsc:54 - Set plugin database path to: C:\ST\STM32CubeIDE_1.0.1\STM32CubeIDE\plugins\com.st.stm32cube.common.mx_5.3.0.201907110903\\db\/plugins/boardmanager/
2019-11-16 01:45:14,550 [INFO] DbMcus:264 - Set plugin images path to: C:\ST\STM32CubeIDE_1.0.1\STM32CubeIDE\plugins\com.st.stm32cube.common.mx_5.3.0.201907110903\\db\/plugins/mcufinder/images/
2019-11-16 01:45:14,550 [INFO] DbBoards:232 - Set plugin images path to: C:\ST\STM32CubeIDE_1.0.1\STM32CubeIDE\plugins\com.st.stm32cube.common.mx_5.3.0.201907110903\\db\/plugins/mcufinder/images/
2019-11-16 01:45:14,552 [INFO] APIGFXSelector:72 - Set database path to: C:\ST\STM32CubeIDE_1.0.1\STM32CubeIDE\plugins\com.st.stm32cube.common.mx_5.3.0.201907110903\\db\/plugins/mcufinder/mcu/
2019-11-16 01:45:14,564 [INFO] DbMcusAds:72 - Set database path to: C:\Users\Du\.stmcufinder\plugins\mcufinder//mcu/
2019-11-16 01:45:14,565 [INFO] DbMcusDocs:92 - Set database path to: C:\Users\Du\.stmcufinder\plugins\mcufinder//mcu/
2019-11-16 01:45:14,567 [INFO] DbMcusJson:59 - Set database path to: C:\Users\Du\.stmcufinder\plugins\mcufinder//mcu/
2019-11-16 01:45:14,567 [INFO] DbBoardsDocs:84 - Set database path to: C:\Users\Du\.stmcufinder\plugins\mcufinder//mcu/
2019-11-16 01:45:14,568 [INFO] DbBoardsJson:51 - Set database path to: C:\Users\Du\.stmcufinder\plugins\mcufinder//mcu/
2019-11-16 01:45:14,586 [INFO] CrossReferenceDbSqlite:197 - Set database path to: C:\Users\Du\.stmcufinder\plugins\mcufinder//mcu/cs/
2019-11-16 01:45:14,658 [INFO] RulesReader:52 - Compatibility file has been processed (156 Rules)
2019-11-16 01:45:14,756 [INFO] MicroXplorer:521 - Detected Java Version = 1.8.0_202
2019-11-16 01:45:14,756 [INFO] DbMcusXml:68 - Set database path to: C:\ST\STM32CubeIDE_1.0.1\STM32CubeIDE\plugins\com.st.stm32cube.common.mx_5.3.0.201907110903\\db\/mcu/
2019-11-16 01:45:14,756 [INFO] DbBoardsPdsc:54 - Set plugin database path to: C:\ST\STM32CubeIDE_1.0.1\STM32CubeIDE\plugins\com.st.stm32cube.common.mx_5.3.0.201907110903\\db\/plugins/boardmanager/
2019-11-16 01:45:14,757 [INFO] DbMcus:264 - Set plugin images path to: C:\ST\STM32CubeIDE_1.0.1\STM32CubeIDE\plugins\com.st.stm32cube.common.mx_5.3.0.201907110903\\db\/plugins/mcufinder/images/
2019-11-16 01:45:14,757 [INFO] DbBoards:232 - Set plugin images path to: C:\ST\STM32CubeIDE_1.0.1\STM32CubeIDE\plugins\com.st.stm32cube.common.mx_5.3.0.201907110903\\db\/plugins/mcufinder/images/
2019-11-16 01:45:14,757 [INFO] APIGFXSelector:72 - Set database path to: C:\ST\STM32CubeIDE_1.0.1\STM32CubeIDE\plugins\com.st.stm32cube.common.mx_5.3.0.201907110903\\db\/plugins/mcufinder/mcu/
2019-11-16 01:45:14,758 [WARN] DbFile:31 - Overriding database path with different value: C:\Users\Du\.stmcufinder\plugins\mcufinder/ => C:\Users\Du\.stmcufinder\plugins\mcufinder
2019-11-16 01:45:14,758 [INFO] DbMcusAds:72 - Set database path to: C:\Users\Du\.stmcufinder\plugins\mcufinder//mcu/
2019-11-16 01:45:14,758 [WARN] DbFile:31 - Overriding database path with different value: C:\Users\Du\.stmcufinder\plugins\mcufinder/ => C:\Users\Du\.stmcufinder\plugins\mcufinder
2019-11-16 01:45:14,758 [INFO] DbMcusDocs:92 - Set database path to: C:\Users\Du\.stmcufinder\plugins\mcufinder//mcu/
2019-11-16 01:45:14,758 [WARN] DbFile:31 - Overriding database path with different value: C:\Users\Du\.stmcufinder\plugins\mcufinder/ => C:\Users\Du\.stmcufinder\plugins\mcufinder
2019-11-16 01:45:14,759 [INFO] DbMcusJson:59 - Set database path to: C:\Users\Du\.stmcufinder\plugins\mcufinder//mcu/
2019-11-16 01:45:14,759 [WARN] DbFile:31 - Overriding database path with different value: C:\Users\Du\.stmcufinder\plugins\mcufinder/ => C:\Users\Du\.stmcufinder\plugins\mcufinder
2019-11-16 01:45:14,759 [INFO] DbBoardsDocs:84 - Set database path to: C:\Users\Du\.stmcufinder\plugins\mcufinder//mcu/
2019-11-16 01:45:14,759 [WARN] DbFile:31 - Overriding database path with different value: C:\Users\Du\.stmcufinder\plugins\mcufinder/ => C:\Users\Du\.stmcufinder\plugins\mcufinder
2019-11-16 01:45:14,760 [INFO] DbBoardsJson:51 - Set database path to: C:\Users\Du\.stmcufinder\plugins\mcufinder//mcu/
2019-11-16 01:45:14,760 [WARN] DbFile:31 - Overriding database path with different value: C:\Users\Du\.stmcufinder\plugins\mcufinder/ => C:\Users\Du\.stmcufinder\plugins\mcufinder
2019-11-16 01:45:14,760 [WARN] DbFile:31 - Overriding database path with different value: C:\Users\Du\.stmcufinder\plugins\mcufinder/ => C:\Users\Du\.stmcufinder\plugins\mcufinder
2019-11-16 01:45:14,760 [INFO] CrossReferenceDbSqlite:197 - Set database path to: C:\Users\Du\.stmcufinder\plugins\mcufinder//mcu/cs/
2019-11-16 01:45:14,823 [INFO] MainPanel:211 - HeapMemory: 342884352
2019-11-16 01:45:14,888 [INFO] DbMcusXml:68 - Set database path to: C:\ST\STM32CubeIDE_1.0.1\STM32CubeIDE\plugins\com.st.stm32cube.common.mx_5.3.0.201907110903\\db\/mcu/
2019-11-16 01:45:14,888 [INFO] DbBoardsPdsc:54 - Set plugin database path to: C:\ST\STM32CubeIDE_1.0.1\STM32CubeIDE\plugins\com.st.stm32cube.common.mx_5.3.0.201907110903\\db\/plugins/boardmanager/
2019-11-16 01:45:14,888 [INFO] DbMcus:264 - Set plugin images path to: C:\ST\STM32CubeIDE_1.0.1\STM32CubeIDE\plugins\com.st.stm32cube.common.mx_5.3.0.201907110903\\db\/plugins/mcufinder/images/
2019-11-16 01:45:14,889 [INFO] DbBoards:232 - Set plugin images path to: C:\ST\STM32CubeIDE_1.0.1\STM32CubeIDE\plugins\com.st.stm32cube.common.mx_5.3.0.201907110903\\db\/plugins/mcufinder/images/
2019-11-16 01:45:14,889 [INFO] APIGFXSelector:72 - Set database path to: C:\ST\STM32CubeIDE_1.0.1\STM32CubeIDE\plugins\com.st.stm32cube.common.mx_5.3.0.201907110903\\db\/plugins/mcufinder/mcu/
2019-11-16 01:45:14,889 [WARN] DbFile:31 - Overriding database path with different value: C:\Users\Du\.stmcufinder\plugins\mcufinder/ => C:\Users\Du\.stmcufinder\plugins\mcufinder
2019-11-16 01:45:14,890 [INFO] DbMcusAds:72 - Set database path to: C:\Users\Du\.stmcufinder\plugins\mcufinder//mcu/
2019-11-16 01:45:14,890 [WARN] DbFile:31 - Overriding database path with different value: C:\Users\Du\.stmcufinder\plugins\mcufinder/ => C:\Users\Du\.stmcufinder\plugins\mcufinder
2019-11-16 01:45:14,890 [INFO] DbMcusDocs:92 - Set database path to: C:\Users\Du\.stmcufinder\plugins\mcufinder//mcu/
2019-11-16 01:45:14,890 [WARN] DbFile:31 - Overriding database path with different value: C:\Users\Du\.stmcufinder\plugins\mcufinder/ => C:\Users\Du\.stmcufinder\plugins\mcufinder
2019-11-16 01:45:14,890 [INFO] DbMcusJson:59 - Set database path to: C:\Users\Du\.stmcufinder\plugins\mcufinder//mcu/
2019-11-16 01:45:14,891 [WARN] DbFile:31 - Overriding database path with different value: C:\Users\Du\.stmcufinder\plugins\mcufinder/ => C:\Users\Du\.stmcufinder\plugins\mcufinder
2019-11-16 01:45:14,891 [INFO] DbBoardsDocs:84 - Set database path to: C:\Users\Du\.stmcufinder\plugins\mcufinder//mcu/
2019-11-16 01:45:14,891 [WARN] DbFile:31 - Overriding database path with different value: C:\Users\Du\.stmcufinder\plugins\mcufinder/ => C:\Users\Du\.stmcufinder\plugins\mcufinder
2019-11-16 01:45:14,891 [INFO] DbBoardsJson:51 - Set database path to: C:\Users\Du\.stmcufinder\plugins\mcufinder//mcu/
2019-11-16 01:45:14,891 [WARN] DbFile:31 - Overriding database path with different value: C:\Users\Du\.stmcufinder\plugins\mcufinder/ => C:\Users\Du\.stmcufinder\plugins\mcufinder
2019-11-16 01:45:14,892 [WARN] DbFile:31 - Overriding database path with different value: C:\Users\Du\.stmcufinder\plugins\mcufinder/ => C:\Users\Du\.stmcufinder\plugins\mcufinder
2019-11-16 01:45:14,892 [INFO] CrossReferenceDbSqlite:197 - Set database path to: C:\Users\Du\.stmcufinder\plugins\mcufinder//mcu/cs/
2019-11-16 01:45:14,908 [INFO] ApplicationProperties:181 - Using Application install path: C:\ST\STM32CubeIDE_1.0.1\STM32CubeIDE\plugins\com.st.stm32cube.common.mx_5.3.0.201907110903
2019-11-16 01:45:14,910 [INFO] PluginManage:178 - Search for loadable plugins [exclusion list=]
2019-11-16 01:45:14,911 [INFO] PluginManage:292 - Check plugin analytics
2019-11-16 01:45:14,916 [INFO] PluginManage:342 - Loaded plugin analytics (category:tool,tabindex:-1)
2019-11-16 01:45:14,917 [INFO] PluginManage:292 - Check plugin clock
2019-11-16 01:45:14,924 [INFO] PluginManage:342 - Loaded plugin clock (category:base,tabindex:2)
2019-11-16 01:45:14,925 [INFO] PluginManage:292 - Check plugin ddr
2019-11-16 01:45:14,927 [INFO] PluginManage:342 - Loaded plugin ddr (category:tool,tabindex:6)
2019-11-16 01:45:14,927 [INFO] PluginManage:292 - Check plugin filemanager
2019-11-16 01:45:15,016 [INFO] PluginManage:342 - Loaded plugin filemanager (category:base,tabindex:10)
2019-11-16 01:45:15,016 [INFO] PluginManage:292 - Check plugin ipmanager
2019-11-16 01:45:15,025 [INFO] PluginManage:342 - Loaded plugin ipmanager (category:base,tabindex:5)
2019-11-16 01:45:15,026 [INFO] PluginManage:292 - Check plugin pinoutandconfiguration
2019-11-16 01:45:15,034 [INFO] PluginManage:342 - Loaded plugin pinoutandconfiguration (category:base,tabindex:1)
2019-11-16 01:45:15,034 [INFO] PluginManage:292 - Check plugin pinoutconfig
2019-11-16 01:45:15,052 [INFO] PluginManage:342 - Loaded plugin pinoutconfig (category:base,tabindex:0)
2019-11-16 01:45:15,052 [INFO] PluginManage:292 - Check plugin power
2019-11-16 01:45:15,062 [INFO] PluginManage:342 - Loaded plugin power (category:power,tabindex:4)
2019-11-16 01:45:15,062 [INFO] PluginManage:292 - Check plugin projectmanager
2019-11-16 01:45:15,073 [INFO] PluginManage:342 - Loaded plugin projectmanager (category:projectmanager,tabindex:3)
2019-11-16 01:45:15,074 [INFO] PluginManage:292 - Check plugin thirdparty
2019-11-16 01:45:15,108 [INFO] ThirdPartyDb:294 - Open Third Party DataBase File (C:/Users/Du/.stm32cubemx/plugins/thirdparty/db/thirdparties_db.xml) : 12 ms. number of Sw pack : 9
2019-11-16 01:45:15,117 [INFO] PluginManage:342 - Loaded plugin thirdparty (category:base,tabindex:-1)
2019-11-16 01:45:15,117 [INFO] PluginManage:292 - Check plugin tools
2019-11-16 01:45:15,119 [INFO] PluginManage:342 - Loaded plugin tools (category:base,tabindex:7)
2019-11-16 01:45:15,119 [INFO] PluginManage:292 - Check plugin updater
2019-11-16 01:45:15,129 [INFO] PluginManage:342 - Loaded plugin updater (category:base,tabindex:12)
2019-11-16 01:45:15,130 [INFO] PluginManage:265 - PluginManage : Loaded plugins [12]
2019-11-16 01:45:15,295 [INFO] PinOutPanel:1367 - setPackage(No Configuration,No Configuration)
2019-11-16 01:45:15,382 [INFO] IPUIPlugin:63 - create IPUIPlugin
2019-11-16 01:45:15,382 [INFO] PluginManager:200 - loadIPPluginJar : add adc
2019-11-16 01:45:15,384 [INFO] IPUIPlugin:63 - create IPUIPlugin
2019-11-16 01:45:15,385 [INFO] PluginManager:200 - loadIPPluginJar : add aes
2019-11-16 01:45:15,387 [INFO] IPUIPlugin:63 - create IPUIPlugin
2019-11-16 01:45:15,387 [INFO] PluginManager:200 - loadIPPluginJar : add can
2019-11-16 01:45:15,389 [INFO] IPUIPlugin:63 - create IPUIPlugin
2019-11-16 01:45:15,389 [INFO] PluginManager:200 - loadIPPluginJar : add comp
2019-11-16 01:45:15,391 [INFO] IPUIPlugin:63 - create IPUIPlugin
2019-11-16 01:45:15,391 [INFO] PluginManager:200 - loadIPPluginJar : add cryp
2019-11-16 01:45:15,394 [INFO] IPUIPlugin:63 - create IPUIPlugin
2019-11-16 01:45:15,394 [INFO] PluginManager:200 - loadIPPluginJar : add dfsdm
2019-11-16 01:45:15,399 [INFO] IPUIPlugin:63 - create IPUIPlugin
2019-11-16 01:45:15,399 [INFO] PluginManager:200 - loadIPPluginJar : add dma
2019-11-16 01:45:15,401 [INFO] IPUIPlugin:63 - create IPUIPlugin
2019-11-16 01:45:15,401 [INFO] PluginManager:200 - loadIPPluginJar : add fatfs
2019-11-16 01:45:15,405 [INFO] IPUIPlugin:63 - create IPUIPlugin
2019-11-16 01:45:15,405 [INFO] PluginManager:200 - loadIPPluginJar : add fmc
2019-11-16 01:45:15,409 [INFO] IPUIPlugin:63 - create IPUIPlugin
2019-11-16 01:45:15,410 [INFO] PluginManager:200 - loadIPPluginJar : add freertos
2019-11-16 01:45:15,411 [INFO] IPUIPlugin:63 - create IPUIPlugin
2019-11-16 01:45:15,412 [INFO] PluginManager:200 - loadIPPluginJar : add genericplugin
2019-11-16 01:45:15,414 [INFO] IPUIPlugin:63 - create IPUIPlugin
2019-11-16 01:45:15,414 [INFO] PluginManager:200 - loadIPPluginJar : add gfxmmu
2019-11-16 01:45:15,416 [INFO] IPUIPlugin:63 - create IPUIPlugin
2019-11-16 01:45:15,416 [INFO] PluginManager:200 - loadIPPluginJar : add gfxsimulator
2019-11-16 01:45:15,426 [INFO] IPUIPlugin:63 - create IPUIPlugin
2019-11-16 01:45:15,426 [INFO] PluginManager:200 - loadIPPluginJar : add gic
2019-11-16 01:45:15,429 [INFO] IPUIPlugin:63 - create IPUIPlugin
2019-11-16 01:45:15,429 [INFO] PluginManager:200 - loadIPPluginJar : add gpio
2019-11-16 01:45:15,431 [INFO] IPUIPlugin:63 - create IPUIPlugin
2019-11-16 01:45:15,432 [INFO] PluginManager:200 - loadIPPluginJar : add hash
2019-11-16 01:45:15,434 [INFO] IPUIPlugin:63 - create IPUIPlugin
2019-11-16 01:45:15,434 [INFO] PluginManager:200 - loadIPPluginJar : add i2c
2019-11-16 01:45:15,436 [INFO] IPUIPlugin:63 - create IPUIPlugin
2019-11-16 01:45:15,436 [INFO] PluginManager:200 - loadIPPluginJar : add i2s
2019-11-16 01:45:15,503 [INFO] IPUIPlugin:63 - create IPUIPlugin
2019-11-16 01:45:15,503 [INFO] PluginManager:200 - loadIPPluginJar : add ipddr
2019-11-16 01:45:15,505 [INFO] IPUIPlugin:63 - create IPUIPlugin
2019-11-16 01:45:15,505 [INFO] PluginManager:200 - loadIPPluginJar : add ltdc
2019-11-16 01:45:15,508 [INFO] IPUIPlugin:63 - create IPUIPlugin
2019-11-16 01:45:15,508 [INFO] PluginManager:200 - loadIPPluginJar : add mdma
2019-11-16 01:45:15,512 [INFO] IPUIPlugin:63 - create IPUIPlugin
2019-11-16 01:45:15,512 [INFO] PluginManager:200 - loadIPPluginJar : add nvic
2019-11-16 01:45:15,514 [INFO] IPUIPlugin:63 - create IPUIPlugin
2019-11-16 01:45:15,514 [INFO] PluginManager:200 - loadIPPluginJar : add opamp
2019-11-16 01:45:15,517 [INFO] IPUIPlugin:63 - create IPUIPlugin
2019-11-16 01:45:15,517 [INFO] PluginManager:200 - loadIPPluginJar : add pdm2pcm
2019-11-16 01:45:15,522 [INFO] IPUIPlugin:63 - create IPUIPlugin
2019-11-16 01:45:15,524 [INFO] PluginManager:200 - loadIPPluginJar : add plateformsettings
2019-11-16 01:45:15,526 [INFO] IPUIPlugin:63 - create IPUIPlugin
2019-11-16 01:45:15,526 [INFO] PluginManager:200 - loadIPPluginJar : add quadspi
2019-11-16 01:45:15,529 [INFO] IPUIPlugin:63 - create IPUIPlugin
2019-11-16 01:45:15,529 [INFO] PluginManager:200 - loadIPPluginJar : add resmgrutility
2019-11-16 01:45:15,531 [INFO] IPUIPlugin:63 - create IPUIPlugin
2019-11-16 01:45:15,532 [INFO] PluginManager:200 - loadIPPluginJar : add sai
2019-11-16 01:45:15,534 [INFO] IPUIPlugin:63 - create IPUIPlugin
2019-11-16 01:45:15,534 [INFO] PluginManager:200 - loadIPPluginJar : add spi
2019-11-16 01:45:15,536 [INFO] IPUIPlugin:63 - create IPUIPlugin
2019-11-16 01:45:15,536 [INFO] PluginManager:200 - loadIPPluginJar : add stm32_wpan
2019-11-16 01:45:15,538 [INFO] IPUIPlugin:63 - create IPUIPlugin
2019-11-16 01:45:15,538 [INFO] PluginManager:200 - loadIPPluginJar : add tim
2019-11-16 01:45:15,541 [INFO] IPUIPlugin:63 - create IPUIPlugin
2019-11-16 01:45:15,541 [INFO] PluginManager:200 - loadIPPluginJar : add touchsensing
2019-11-16 01:45:15,543 [INFO] IPUIPlugin:63 - create IPUIPlugin
2019-11-16 01:45:15,543 [INFO] PluginManager:200 - loadIPPluginJar : add tracer_emb
2019-11-16 01:45:15,545 [INFO] IPUIPlugin:63 - create IPUIPlugin
2019-11-16 01:45:15,545 [INFO] PluginManager:200 - loadIPPluginJar : add ts
2019-11-16 01:45:15,547 [INFO] IPUIPlugin:63 - create IPUIPlugin
2019-11-16 01:45:15,547 [INFO] PluginManager:200 - loadIPPluginJar : add tsc
2019-11-16 01:45:15,549 [INFO] IPUIPlugin:63 - create IPUIPlugin
2019-11-16 01:45:15,549 [INFO] PluginManager:200 - loadIPPluginJar : add ucpd
2019-11-16 01:45:15,551 [INFO] IPUIPlugin:63 - create IPUIPlugin
2019-11-16 01:45:15,552 [INFO] PluginManager:200 - loadIPPluginJar : add usart
2019-11-16 01:45:16,371 [INFO] BoardConnectionPanel:217 - [DDR PANEL] osNameString: Windows
2019-11-16 01:45:16,637 [FATAL] Updater:277 - Updater called before beeing initialized
2019-11-16 01:45:16,951 [FATAL] Updater:277 - Updater called before beeing initialized
2019-11-16 01:45:16,961 [INFO] PinOutPanel:1367 - setPackage(No Configuration,No Configuration)
2019-11-16 01:45:16,961 [FATAL] Updater:277 - Updater called before beeing initialized
2019-11-16 01:45:16,965 [INFO] MainDdrPanel:82 - [DDR PANEL] SETTER - Set cubeProgrammerPath to: C:\ST\STM32CubeIDE_1.0.1\STM32CubeIDE\plugins\com.st.stm32cube.ide.mcu.externaltools.cubeprogrammer.win32_1.0.0.201904021149\tools\bin
2019-11-16 01:45:16,984 [INFO] Updater:860 - Updater Version found : 5.3.0
2019-11-16 01:45:16,994 [INFO] ApplicationProperties:181 - Using Application install path: C:\ST\STM32CubeIDE_1.0.1\STM32CubeIDE\plugins\com.st.stm32cube.common.mx_5.3.0.201907110903
2019-11-16 01:45:17,134 [INFO] MainUpdater:2040 - connection check result : 10
2019-11-16 01:45:17,136 [INFO] MainUpdater:229 - Updater Check For Update Now.
2019-11-16 01:45:17,136 [INFO] MicroXplorer:401 - Change Database Version : DB.5.0.30
2019-11-16 01:45:17,182 [INFO] CheckServerUpdateThread:121 - End of CheckServer Thread
2019-11-16 01:45:17,354 [INFO] MainUpdater:2040 - connection check result : 10
2019-11-16 01:45:17,354 [INFO] LogOutputStream:76 - [STDOUT_REDIRECT] Successfull proxy connection.
2019-11-16 01:45:17,497 [INFO] MicroXplorer:371 - Change Database Path : 
2019-11-16 01:45:17,497 [INFO] MicroXplorer:401 - Change Database Version : DB.5.0.30
2019-11-16 01:45:17,500 [INFO] PinOutPanel:1367 - setPackage(No Configuration,No Configuration)
2019-11-16 01:45:17,500 [INFO] UtilMem:74 - Begin LoadConfig() Used Memory: 214433104 Bytes (342884352)
2019-11-16 01:45:17,501 [INFO] MicroXplorer:371 - Change Database Path : 
2019-11-16 01:45:17,501 [INFO] MicroXplorer:401 - Change Database Version : DB.5.0.30
2019-11-16 01:45:17,501 [INFO] OpenFileManager:269 - Change cursor
2019-11-16 01:45:18,160 [INFO] ThirdPartyDb:264 - Close Third Party DataBase File (C:/Users/Du/.stm32cubemx/plugins/thirdparty/db/thirdparties_db.xml)
2019-11-16 01:45:18,195 [INFO] ThirdPartyDb:294 - Open Third Party DataBase File (C:/Users/Du/.stm32cubemx/plugins/thirdparty/db/thirdparties_db.xml) : 2 ms. number of Sw pack : 9
2019-11-16 01:45:18,195 [INFO] ThirdPartyDb:264 - Close Third Party DataBase File (C:/Users/Du/.stm32cubemx/plugins/thirdparty/db/thirdparties_db.xml)
2019-11-16 01:45:18,206 [INFO] IntegrityCheckThread:97 - End integrity checks thread
2019-11-16 01:45:19,641 [INFO] ImportTextPane:162 - (OptionalMessage_ERROR) IP (RCC) : Parameter (48MHZClocksFreq_Value) has invalid value (90000000)
2019-11-16 01:45:19,641 [INFO] ImportTextPane:162 - (OptionalMessage_ERROR) IP (RCC) : Invalid parameter (FamilyName)
2019-11-16 01:45:19,641 [INFO] ImportTextPane:162 - (OptionalMessage_ERROR) IP (RCC) : Parameter (MCO2PinFreq_Value) has invalid value (180000000)
2019-11-16 01:45:19,642 [INFO] ImportTextPane:162 - (OptionalMessage_ERROR) IP (RCC) : Parameter (RTCHSEDivFreq_Value) has invalid value (12500000)
2019-11-16 01:45:19,946 [INFO] UtilMem:74 - End LoadConfig() Used Memory: 289571672 Bytes (342884352)
2019-11-16 01:45:19,954 [INFO] ThirdPartyDb:294 - Open Third Party DataBase File (C:/Users/Du/.stm32cubemx/plugins/thirdparty/db/thirdparties_db.xml) : 3 ms. number of Sw pack : 9
2019-11-16 01:45:20,030 [INFO] ThirdParty:912 - CMSIS Pack Vendor :STMicroelectronics X-CUBE-BLE1 4.4.0
2019-11-16 01:45:20,031 [INFO] ThirdParty:912 - CMSIS Pack Vendor :STMicroelectronics X-CUBE-MEMS1 6.2.0
2019-11-16 01:45:20,031 [INFO] ThirdParty:912 - CMSIS Pack Vendor :STMicroelectronics X-CUBE-AI 3.4.0
2019-11-16 01:45:20,031 [INFO] ThirdParty:912 - CMSIS Pack Vendor :STMicroelectronics X-CUBE-NFC4 1.4.0
2019-11-16 01:45:20,031 [INFO] ThirdParty:912 - CMSIS Pack Vendor :STMicroelectronics X-CUBE-GNSS1 3.0.0
2019-11-16 01:45:20,031 [INFO] ThirdParty:912 - CMSIS Pack Vendor :STMicroelectronics X-CUBE-AI 4.0.0
2019-11-16 01:45:20,031 [INFO] ThirdParty:912 - CMSIS Pack Vendor :STMicroelectronics X-CUBE-MEMS1 7.0.0
2019-11-16 01:45:20,031 [INFO] ThirdParty:912 - CMSIS Pack Vendor :STMicroelectronics X-CUBE-AI 4.1.0
2019-11-16 01:45:20,031 [INFO] ThirdParty:912 - CMSIS Pack Vendor :STMicroelectronics X-CUBE-NFC4 1.5.0
2019-11-16 01:45:20,262 [INFO] PinOutPanel:1367 - setPackage(No Configuration,No Configuration)
2019-11-16 01:45:20,264 [INFO] PinOutPanel:1367 - setPackage(STM32F429IGTx,LQFP176)
2019-11-16 01:45:20,706 [INFO] UtilMem:74 - Before build in PCC Used Memory: 217565720 Bytes (342884352)
2019-11-16 01:45:20,972 [INFO] SharedServices:71 - Folder for power plug-in: C:/Users/Du/.stm32cubemx/plugins/power
2019-11-16 01:45:20,973 [INFO] UtilMem:74 - After build in PCC Used Memory: 223424040 Bytes (342884352)
2019-11-16 01:45:20,982 [INFO] BlockDiagram:1818 - stop enableDisableButtons
2019-11-16 01:45:20,982 [INFO] IPUIPlugin:63 - create IPUIPlugin
2019-11-16 01:45:20,983 [INFO] IPUIPlugin:63 - create IPUIPlugin
2019-11-16 01:45:20,983 [INFO] IPUIPlugin:63 - create IPUIPlugin
2019-11-16 01:45:20,983 [INFO] IPUIPlugin:63 - create IPUIPlugin
2019-11-16 01:45:20,983 [INFO] IPUIPlugin:63 - create IPUIPlugin
2019-11-16 01:45:20,983 [INFO] IPUIPlugin:63 - create IPUIPlugin
2019-11-16 01:45:20,984 [INFO] IPUIPlugin:63 - create IPUIPlugin
2019-11-16 01:45:20,984 [INFO] IPUIPlugin:63 - create IPUIPlugin
2019-11-16 01:45:20,984 [INFO] IPUIPlugin:63 - create IPUIPlugin
2019-11-16 01:45:20,984 [INFO] IPUIPlugin:63 - create IPUIPlugin
2019-11-16 01:45:20,985 [INFO] IPUIPlugin:63 - create IPUIPlugin
2019-11-16 01:45:20,985 [INFO] IPUIPlugin:63 - create IPUIPlugin
2019-11-16 01:45:20,985 [INFO] IPUIPlugin:63 - create IPUIPlugin
2019-11-16 01:45:20,985 [INFO] IPUIPlugin:63 - create IPUIPlugin
2019-11-16 01:45:20,985 [INFO] IPUIPlugin:63 - create IPUIPlugin
2019-11-16 01:45:20,985 [INFO] IPUIPlugin:63 - create IPUIPlugin
2019-11-16 01:45:20,986 [INFO] IPUIPlugin:63 - create IPUIPlugin
2019-11-16 01:45:20,986 [INFO] IPUIPlugin:63 - create IPUIPlugin
2019-11-16 01:45:20,986 [INFO] IPUIPlugin:63 - create IPUIPlugin
2019-11-16 01:45:20,986 [INFO] IPUIPlugin:63 - create IPUIPlugin
2019-11-16 01:45:20,986 [INFO] IPUIPlugin:63 - create IPUIPlugin
2019-11-16 01:45:20,986 [INFO] IPUIPlugin:63 - create IPUIPlugin
2019-11-16 01:45:20,986 [INFO] IPUIPlugin:63 - create IPUIPlugin
2019-11-16 01:45:20,987 [INFO] IPUIPlugin:63 - create IPUIPlugin
2019-11-16 01:45:20,987 [INFO] IPUIPlugin:63 - create IPUIPlugin
2019-11-16 01:45:20,987 [INFO] IPUIPlugin:63 - create IPUIPlugin
2019-11-16 01:45:20,987 [INFO] IPUIPlugin:63 - create IPUIPlugin
2019-11-16 01:45:20,987 [INFO] IPUIPlugin:63 - create IPUIPlugin
2019-11-16 01:45:20,988 [INFO] IPUIPlugin:63 - create IPUIPlugin
2019-11-16 01:45:20,988 [INFO] IPUIPlugin:63 - create IPUIPlugin
2019-11-16 01:45:20,988 [INFO] IPUIPlugin:63 - create IPUIPlugin
2019-11-16 01:45:20,988 [INFO] IPUIPlugin:63 - create IPUIPlugin
2019-11-16 01:45:20,988 [INFO] IPUIPlugin:63 - create IPUIPlugin
2019-11-16 01:45:20,989 [INFO] IPUIPlugin:63 - create IPUIPlugin
2019-11-16 01:45:20,989 [INFO] IPUIPlugin:63 - create IPUIPlugin
2019-11-16 01:45:20,989 [INFO] IPUIPlugin:63 - create IPUIPlugin
2019-11-16 01:45:20,989 [INFO] IPUIPlugin:63 - create IPUIPlugin
2019-11-16 01:45:20,989 [INFO] IPUIPlugin:63 - create IPUIPlugin
2019-11-16 01:45:20,989 [INFO] IPUIPlugin:63 - create IPUIPlugin
2019-11-16 01:45:20,990 [INFO] IPUIPlugin:63 - create IPUIPlugin
2019-11-16 01:45:20,990 [INFO] IPUIPlugin:63 - create IPUIPlugin
2019-11-16 01:45:20,990 [INFO] IPUIPlugin:63 - create IPUIPlugin
2019-11-16 01:45:20,991 [INFO] IPUIPlugin:63 - create IPUIPlugin
2019-11-16 01:45:20,991 [INFO] IPUIPlugin:63 - create IPUIPlugin
2019-11-16 01:45:20,991 [INFO] IPUIPlugin:63 - create IPUIPlugin
2019-11-16 01:45:20,991 [INFO] IPUIPlugin:63 - create IPUIPlugin
2019-11-16 01:45:20,991 [INFO] IPUIPlugin:63 - create IPUIPlugin
2019-11-16 01:45:20,992 [INFO] IPUIPlugin:63 - create IPUIPlugin
2019-11-16 01:45:20,992 [INFO] IPUIPlugin:63 - create IPUIPlugin
2019-11-16 01:45:20,992 [INFO] IPUIPlugin:63 - create IPUIPlugin
2019-11-16 01:45:20,992 [INFO] IPUIPlugin:63 - create IPUIPlugin
2019-11-16 01:45:20,992 [INFO] IPUIPlugin:63 - create IPUIPlugin
2019-11-16 01:45:20,993 [INFO] IPUIPlugin:63 - create IPUIPlugin
2019-11-16 01:45:20,993 [INFO] IPUIPlugin:63 - create IPUIPlugin
2019-11-16 01:45:20,993 [INFO] IPUIPlugin:63 - create IPUIPlugin
2019-11-16 01:45:20,993 [INFO] IPUIPlugin:63 - create IPUIPlugin
2019-11-16 01:45:20,993 [INFO] IPUIPlugin:63 - create IPUIPlugin
2019-11-16 01:45:20,994 [INFO] IPUIPlugin:63 - create IPUIPlugin
2019-11-16 01:45:20,994 [INFO] IPUIPlugin:63 - create IPUIPlugin
2019-11-16 01:45:20,994 [INFO] IPUIPlugin:63 - create IPUIPlugin
2019-11-16 01:45:20,994 [INFO] IPUIPlugin:63 - create IPUIPlugin
2019-11-16 01:45:20,994 [INFO] IPUIPlugin:63 - create IPUIPlugin
2019-11-16 01:45:20,995 [INFO] IPUIPlugin:63 - create IPUIPlugin
2019-11-16 01:45:20,995 [INFO] IPUIPlugin:63 - create IPUIPlugin
2019-11-16 01:45:20,995 [INFO] IPUIPlugin:63 - create IPUIPlugin
2019-11-16 01:45:20,995 [INFO] IPUIPlugin:63 - create IPUIPlugin
2019-11-16 01:45:20,995 [INFO] IPUIPlugin:63 - create IPUIPlugin
2019-11-16 01:45:20,995 [INFO] IPUIPlugin:63 - create IPUIPlugin
2019-11-16 01:45:21,002 [INFO] BlockDiagram:1818 - stop enableDisableButtons
2019-11-16 01:45:21,012 [INFO] LogOutputStream:76 - [STDOUT_REDIRECT] toolchainItems.length=====1
2019-11-16 01:45:21,015 [INFO] LogOutputStream:76 - [STDOUT_REDIRECT] method name===============isUnderRootDefaultMode
2019-11-16 01:45:21,017 [INFO] LogOutputStream:76 - [STDOUT_REDIRECT] method name===============isRootSelectionSupported
2019-11-16 01:45:21,097 [INFO] LogOutputStream:76 - [STDOUT_REDIRECT] method name===============isUnderRootDefaultMode
2019-11-16 01:45:21,098 [INFO] LogOutputStream:76 - [STDOUT_REDIRECT] method name===============isUnderRootDefaultMode
2019-11-16 01:45:21,099 [INFO] LogOutputStream:76 - [STDOUT_REDIRECT] method name===============isUnderRootDefaultMode
2019-11-16 01:45:21,100 [INFO] LogOutputStream:76 - [STDOUT_REDIRECT] method name===============isRootSelectionSupported
2019-11-16 01:45:21,101 [INFO] LogOutputStream:76 - [STDOUT_REDIRECT] method name===============isRootSelectionSupported
2019-11-16 01:45:21,102 [INFO] LogOutputStream:76 - [STDOUT_REDIRECT] method name===============isUnderRootDefaultMode
2019-11-16 01:45:21,114 [INFO] OpenFileManager:289 - Restore cursor
2019-11-16 01:45:21,116 [INFO] DbMcusXml:106 - Load MCU database from C:\ST\STM32CubeIDE_1.0.1\STM32CubeIDE\plugins\com.st.stm32cube.common.mx_5.3.0.201907110903\\db\/mcu/families.xml
2019-11-16 01:45:21,120 [INFO] LogOutputStream:76 - [STDOUT_REDIRECT] method name===============isUnderRootDefaultMode
2019-11-16 01:45:21,121 [INFO] LogOutputStream:76 - [STDOUT_REDIRECT] method name===============isUnderRootDefaultMode
2019-11-16 01:45:21,122 [INFO] LogOutputStream:76 - [STDOUT_REDIRECT] method name===============isUnderRootDefaultMode
2019-11-16 01:45:21,123 [INFO] LogOutputStream:76 - [STDOUT_REDIRECT] method name===============isRootSelectionSupported
2019-11-16 01:45:21,124 [INFO] LogOutputStream:76 - [STDOUT_REDIRECT] method name===============isRootSelectionSupported
2019-11-16 01:45:21,124 [INFO] LogOutputStream:76 - [STDOUT_REDIRECT] method name===============isUnderRootDefaultMode
2019-11-16 01:45:21,235 [INFO] BlockDiagram:1818 - stop enableDisableButtons
2019-11-16 01:45:21,243 [INFO] LogOutputStream:76 - [STDOUT_REDIRECT] method name===============isUnderRootDefaultMode
2019-11-16 01:45:21,245 [INFO] LogOutputStream:76 - [STDOUT_REDIRECT] method name===============isUnderRootDefaultMode
2019-11-16 01:45:21,246 [INFO] LogOutputStream:76 - [STDOUT_REDIRECT] method name===============isUnderRootDefaultMode
2019-11-16 01:45:21,247 [INFO] LogOutputStream:76 - [STDOUT_REDIRECT] method name===============isRootSelectionSupported
2019-11-16 01:45:21,247 [INFO] LogOutputStream:76 - [STDOUT_REDIRECT] method name===============isRootSelectionSupported
2019-11-16 01:45:21,248 [INFO] LogOutputStream:76 - [STDOUT_REDIRECT] method name===============isUnderRootDefaultMode
2019-11-16 01:45:21,303 [INFO] BlockDiagram:1818 - stop enableDisableButtons
2019-11-16 01:45:21,634 [INFO] DbMcusJson:87 - JSON generation date=Fri Jul 19 18:04:23 CST 2019 (1563530663)
2019-11-16 01:45:22,351 [INFO] DbMcus:193 - Found 1496 MCUs (1455 are supported by CubeMX, 1455 are visible in CubeMX)
2019-11-16 01:45:22,354 [INFO] ApiDb:158 - Load user favorites file C:\Users\Du/.stm32cubemx/favorites.mcus.txt: 3 item(s)
2019-11-16 01:45:22,354 [INFO] ApiDb:163 - User favorites MCUs=[STM32F103RBTx, STM32F103ZETx, STM32H743ZITx]
2019-11-16 01:45:22,354 [INFO] DbMcus:205 - Set 3 / 3 favorites MCUs
2019-11-16 01:45:25,751 [INFO] BlockDiagram:1818 - stop enableDisableButtons
2019-11-16 01:45:33,430 [INFO] BlockDiagram:1818 - stop enableDisableButtons
2019-11-16 01:45:35,755 [INFO] LogOutputStream:76 - [STDOUT_REDIRECT] method name===============isUnderRootDefaultMode
2019-11-16 01:45:35,755 [INFO] LogOutputStream:76 - [STDOUT_REDIRECT] method name===============isUnderRootDefaultMode
2019-11-16 01:45:35,756 [INFO] LogOutputStream:76 - [STDOUT_REDIRECT] method name===============isUnderRootDefaultMode
2019-11-16 01:45:35,758 [INFO] LogOutputStream:76 - [STDOUT_REDIRECT] method name===============isRootSelectionSupported
2019-11-16 01:45:35,758 [INFO] LogOutputStream:76 - [STDOUT_REDIRECT] method name===============isRootSelectionSupported
2019-11-16 01:45:35,759 [INFO] LogOutputStream:76 - [STDOUT_REDIRECT] method name===============isUnderRootDefaultMode
2019-11-16 01:45:35,779 [INFO] BlockDiagram:1818 - stop enableDisableButtons
2019-11-16 01:45:35,790 [INFO] BlockDiagram:1818 - stop enableDisableButtons
2019-11-16 01:45:37,124 [INFO] UtilMem:74 - End SaveConfig() Used Memory: 508482936 Bytes (638582784)
2019-11-16 01:45:37,127 [INFO] LogOutputStream:76 - [STDOUT_REDIRECT] method name===============isUnderRootDefaultMode
2019-11-16 01:45:37,128 [INFO] LogOutputStream:76 - [STDOUT_REDIRECT] method name===============isUnderRootDefaultMode
2019-11-16 01:45:37,129 [INFO] LogOutputStream:76 - [STDOUT_REDIRECT] method name===============isUnderRootDefaultMode
2019-11-16 01:45:37,129 [INFO] LogOutputStream:76 - [STDOUT_REDIRECT] method name===============isRootSelectionSupported
2019-11-16 01:45:37,130 [INFO] LogOutputStream:76 - [STDOUT_REDIRECT] method name===============isRootSelectionSupported
2019-11-16 01:45:37,131 [INFO] LogOutputStream:76 - [STDOUT_REDIRECT] method name===============isUnderRootDefaultMode
2019-11-16 01:45:40,665 [INFO] UtilMem:74 - End SaveConfig() Used Memory: 302772488 Bytes (638582784)
2019-11-16 01:45:40,667 [INFO] LogOutputStream:76 - [STDOUT_REDIRECT] method name===============isUnderRootDefaultMode
2019-11-16 01:45:40,668 [INFO] LogOutputStream:76 - [STDOUT_REDIRECT] method name===============isUnderRootDefaultMode
2019-11-16 01:45:40,669 [INFO] LogOutputStream:76 - [STDOUT_REDIRECT] method name===============isUnderRootDefaultMode
2019-11-16 01:45:40,670 [INFO] LogOutputStream:76 - [STDOUT_REDIRECT] method name===============isRootSelectionSupported
2019-11-16 01:45:40,671 [INFO] LogOutputStream:76 - [STDOUT_REDIRECT] method name===============isRootSelectionSupported
2019-11-16 01:45:40,672 [INFO] LogOutputStream:76 - [STDOUT_REDIRECT] method name===============isUnderRootDefaultMode
2019-11-16 01:45:40,907 [INFO] BlockDiagram:1862 - set Specific Code input for plugin: SYS
2019-11-16 01:45:40,907 [INFO] BlockDiagram:1862 - set Specific Code input for plugin: RCC
2019-11-16 01:45:40,907 [INFO] BlockDiagram:1862 - set Specific Code input for plugin: NVIC
2019-11-16 01:45:40,913 [INFO] CodeGenerator:583 - code generatio: config db path: C:\ST\STM32CubeIDE_1.0.1\STM32CubeIDE\plugins\com.st.stm32cube.common.mx_5.3.0.201907110903\\db\
2019-11-16 01:45:41,080 [INFO] CodeEngine:190 - oldGeneratedFile, F:\File\STM32\stm32_exercise\Cube_IDE_Workspace\F429_Workspace\00_Start\MXTmpFiles\license.tmp_save
2019-11-16 01:45:41,293 [INFO] CodeEngine:208 - Generated code: F:\File\STM32\stm32_exercise\Cube_IDE_Workspace\F429_Workspace\00_Start\MXTmpFiles\license.tmp
2019-11-16 01:45:41,419 [INFO] CodeEngine:190 - oldGeneratedFile, F:\File\STM32\stm32_exercise\Cube_IDE_Workspace\F429_Workspace\00_Start\Src\gpio.c_save
2019-11-16 01:45:41,523 [INFO] CodeEngine:208 - Generated code: F:\File\STM32\stm32_exercise\Cube_IDE_Workspace\F429_Workspace\00_Start\Src\gpio.c
2019-11-16 01:45:41,574 [INFO] CodeEngine:190 - oldGeneratedFile, F:\File\STM32\stm32_exercise\Cube_IDE_Workspace\F429_Workspace\00_Start\Inc\gpio.h_save
2019-11-16 01:45:41,658 [INFO] CodeEngine:208 - Generated code: F:\File\STM32\stm32_exercise\Cube_IDE_Workspace\F429_Workspace\00_Start\Inc\gpio.h
2019-11-16 01:45:41,694 [INFO] LogOutputStream:76 - [STDOUT_REDIRECT] Command line
2019-11-16 01:45:41,695 [INFO] LogOutputStream:76 - [STDOUT_REDIRECT] Debug : prepare data for SYS
2019-11-16 01:45:41,695 [INFO] LogOutputStream:76 - [STDOUT_REDIRECT] Command line test
2019-11-16 01:45:41,698 [INFO] LogOutputStream:76 - [STDOUT_REDIRECT] Debug : prepare data for NVIC
2019-11-16 01:45:41,698 [INFO] LogOutputStream:76 - [STDOUT_REDIRECT] Command line test
2019-11-16 01:45:41,735 [INFO] CodeEngine:190 - oldGeneratedFile, F:\File\STM32\stm32_exercise\Cube_IDE_Workspace\F429_Workspace\00_Start\Src\stm32f4xx_it.c_save
2019-11-16 01:45:41,877 [INFO] CodeEngine:208 - Generated code: F:\File\STM32\stm32_exercise\Cube_IDE_Workspace\F429_Workspace\00_Start\Src\stm32f4xx_it.c
2019-11-16 01:45:41,915 [INFO] CodeEngine:190 - oldGeneratedFile, F:\File\STM32\stm32_exercise\Cube_IDE_Workspace\F429_Workspace\00_Start\Inc\stm32f4xx_it.h_save
2019-11-16 01:45:42,054 [INFO] CodeEngine:208 - Generated code: F:\File\STM32\stm32_exercise\Cube_IDE_Workspace\F429_Workspace\00_Start\Inc\stm32f4xx_it.h
2019-11-16 01:45:42,142 [INFO] CodeEngine:190 - oldGeneratedFile, F:\File\STM32\stm32_exercise\Cube_IDE_Workspace\F429_Workspace\00_Start\Src\stm32f4xx_hal_msp.c_save
2019-11-16 01:45:42,270 [INFO] CodeEngine:208 - Generated code: F:\File\STM32\stm32_exercise\Cube_IDE_Workspace\F429_Workspace\00_Start\Src\stm32f4xx_hal_msp.c
2019-11-16 01:45:42,339 [INFO] CodeEngine:190 - oldGeneratedFile, F:\File\STM32\stm32_exercise\Cube_IDE_Workspace\F429_Workspace\00_Start\MXTmpFiles\system.tmp_save
2019-11-16 01:45:42,398 [INFO] CodeEngine:208 - Generated code: F:\File\STM32\stm32_exercise\Cube_IDE_Workspace\F429_Workspace\00_Start\MXTmpFiles\system.tmp
2019-11-16 01:45:42,459 [INFO] CodeEngine:190 - oldGeneratedFile, F:\File\STM32\stm32_exercise\Cube_IDE_Workspace\F429_Workspace\00_Start\Inc\stm32f4xx_hal_conf.h_save
2019-11-16 01:45:42,560 [INFO] CodeEngine:208 - Generated code: F:\File\STM32\stm32_exercise\Cube_IDE_Workspace\F429_Workspace\00_Start\Inc\stm32f4xx_hal_conf.h
2019-11-16 01:45:42,620 [INFO] CodeEngine:190 - oldGeneratedFile, F:\File\STM32\stm32_exercise\Cube_IDE_Workspace\F429_Workspace\00_Start\Inc\main.h_save
2019-11-16 01:45:42,710 [INFO] CodeEngine:208 - Generated code: F:\File\STM32\stm32_exercise\Cube_IDE_Workspace\F429_Workspace\00_Start\Inc\main.h
2019-11-16 01:45:42,754 [INFO] CodeEngine:190 - oldGeneratedFile, F:\File\STM32\stm32_exercise\Cube_IDE_Workspace\F429_Workspace\00_Start\Src\main.c_save
2019-11-16 01:45:42,894 [INFO] CodeEngine:208 - Generated code: F:\File\STM32\stm32_exercise\Cube_IDE_Workspace\F429_Workspace\00_Start\Src\main.c
2019-11-16 01:45:43,555 [INFO] ProjectBuilder:1570 - Time for Copy HAL[1] : 314mS.
2019-11-16 01:45:43,563 [INFO] ProjectBuilder:2138 - Project Generator version: 3.4.0
2019-11-16 01:45:43,709 [INFO] ConfigFileManager:879 - The Die is : DIE419
2019-11-16 01:45:43,719 [INFO] LogOutputStream:76 - [STDOUT_REDIRECT] configName ==Arm Cortex-M4
2019-11-16 01:45:43,906 [INFO] LogOutputStream:76 - [STDOUT_REDIRECT] memory ==name="RAM" access="xrw" start="0x20000000" size="192"
2019-11-16 01:45:43,907 [INFO] LogOutputStream:76 - [STDOUT_REDIRECT] memory ==name="CCMRAM" access="rw" start="0x10000000" size="64"
2019-11-16 01:45:43,909 [INFO] LogOutputStream:76 - [STDOUT_REDIRECT] memory ==name="FLASH" access="rx" start="0x8000000" size="1024"
2019-11-16 01:45:44,068 [INFO] LogOutputStream:76 - [STDOUT_REDIRECT] namefile= STM32CubeIDE
2019-11-16 01:45:44,069 [INFO] LogOutputStream:76 - [STDOUT_REDIRECT] method name===============generate
2019-11-16 01:45:46,675 [INFO] ProjectBuilder:2232 - Time for Generating toolchain IDE Files: 3113mS.
2019-11-16 01:45:46,835 [INFO] ProjectBuilder:1461 - Time for Copy CMSIS : 160mS.
2019-11-16 01:45:46,837 [INFO] ProjectBuilder:1461 - Time for Copy CMSIS : 0mS.
2019-11-16 01:45:51,437 [INFO] BlockDiagram:1818 - stop enableDisableButtons
